2024-06-06 23:45:08.611 [info] Extension host with pid 29710 started
2024-06-06 23:45:08.641 [info] ExtensionService#_doActivateExtension vscode.git-base, startup: true, activationEvent: '*', root cause: vscode.git
2024-06-06 23:45:08.662 [info] ExtensionService#_doActivateExtension vscode.git, startup: true, activationEvent: '*'
2024-06-06 23:45:08.744 [info] ExtensionService#_doActivateExtension vscode.github, startup: true, activationEvent: '*'
2024-06-06 23:45:08.832 [info] Eager extensions activated
2024-06-06 23:45:08.920 [info] ExtensionService#_doActivateExtension vscode.debug-auto-launch, startup: false, activationEvent: 'onStartupFinished'
2024-06-06 23:45:08.923 [info] ExtensionService#_doActivateExtension vscode.merge-conflict, startup: false, activationEvent: 'onStartupFinished'
2024-06-06 23:45:57.712 [info] ExtensionService#_doActivateExtension vscode.emmet, startup: false, activationEvent: 'onLanguage'
2024-06-06 23:46:03.419 [info] ExtensionService#_doActivateExtension vscode.json-language-features, startup: false, activationEvent: 'onLanguage:jsonc'
2024-06-06 23:46:03.495 [info] ExtensionService#_doActivateExtension vscode.typescript-language-features, startup: false, activationEvent: 'onLanguage:jsonc'
2024-06-06 23:46:20.482 [info] Extension host terminating: renderer closed the MessagePort
2024-06-06 23:46:20.499 [info] Extension host with pid 29710 exiting with code 0
2024-06-06 23:46:21.672 [info] Extension host with pid 29860 started
2024-06-06 23:46:21.672 [info] Skipping acquiring lock for /home/galjeza/.config/Code/User/workspaceStorage/8fd9b5521991681cb6112e1efcb94179.
2024-06-06 23:46:21.694 [info] ExtensionService#_doActivateExtension vscode.git-base, startup: true, activationEvent: '*'
2024-06-06 23:46:21.703 [info] ExtensionService#_doActivateExtension vscode.github, startup: true, activationEvent: '*'
2024-06-06 23:46:21.721 [info] Eager extensions activated
2024-06-06 23:46:21.729 [info] ExtensionService#_doActivateExtension vscode.debug-auto-launch, startup: false, activationEvent: 'onStartupFinished'
2024-06-06 23:46:21.731 [info] ExtensionService#_doActivateExtension vscode.merge-conflict, startup: false, activationEvent: 'onStartupFinished'
2024-06-06 23:46:23.526 [info] ExtensionService#_doActivateExtension vscode.git, startup: false, activationEvent: 'api', root cause: vscode.github
2024-06-06 23:46:24.044 [info] ExtensionService#_doActivateExtension vscode.media-preview, startup: false, activationEvent: 'onCustomEditor:imagePreview.previewEditor'
2024-06-06 23:46:27.949 [info] ExtensionService#_doActivateExtension vscode.emmet, startup: false, activationEvent: 'onLanguage'
2024-06-06 23:47:48.633 [info] Extension host terminating: renderer closed the MessagePort
2024-06-06 23:47:48.642 [info] Extension host with pid 29860 exiting with code 0
