2024-06-07 20:52:45.703 [info] Log level: Info
2024-06-07 20:52:45.703 [info] Validating found git in: "git"
2024-06-07 20:52:45.703 [info] Using git "2.45.2" from "git"
2024-06-07 20:52:45.703 [info] > git rev-parse --show-toplevel [6ms]
2024-06-07 20:52:45.703 [info] fatal: not a git repository (or any parent up to mount point /)
Stopping at filesystem boundary (GIT_DISCOVERY_ACROSS_FILESYSTEM not set).
2024-06-07 20:52:45.703 [info] > git rev-parse --show-toplevel [4ms]
2024-06-07 20:52:45.703 [info] fatal: not a git repository (or any parent up to mount point /)
Stopping at filesystem boundary (GIT_DISCOVERY_ACROSS_FILESYSTEM not set).
2024-06-07 20:52:45.705 [info] > git rev-parse --show-toplevel [18ms]
2024-06-07 20:52:45.705 [info] fatal: not a git repository (or any parent up to mount point /)
Stopping at filesystem boundary (GIT_DISCOVERY_ACROSS_FILESYSTEM not set).
2024-06-07 20:52:45.712 [info] > git rev-parse --show-toplevel [2ms]
2024-06-07 20:52:45.712 [info] fatal: not a git repository (or any parent up to mount point /)
Stopping at filesystem boundary (GIT_DISCOVERY_ACROSS_FILESYSTEM not set).
2024-06-07 20:52:45.717 [info] > git rev-parse --show-toplevel [1ms]
2024-06-07 20:52:45.722 [info] > git rev-parse --git-dir --git-common-dir [1ms]
2024-06-07 20:52:45.735 [info] Open repository: /home/galjeza/Downloads/spicetify-cli
2024-06-07 20:52:45.747 [info] > git config --get commit.template [2ms]
2024-06-07 20:52:45.754 [info] > git for-each-ref --format=%(refname)%00%(upstream:short)%00%(objectname)%00%(upstream:track)%00%(upstream:remotename)%00%(upstream:remoteref) refs/heads/main refs/remotes/main [4ms]
2024-06-07 20:52:45.760 [warning] ENOENT: no such file or directory, open '/home/galjeza/Downloads/spicetify-cli/.git/refs/remotes/origin/main'
2024-06-07 20:52:45.762 [info] > git rev-parse refs/remotes/origin/main [2ms]
2024-06-07 20:52:45.791 [info] > git status -z -uall [25ms]
2024-06-07 20:52:45.805 [info] > git merge-base refs/heads/main refs/remotes/origin/main [9ms]
2024-06-07 20:52:45.808 [info] > git rev-parse --show-toplevel [20ms]
2024-06-07 20:52:45.808 [info] fatal: not a git repository (or any parent up to mount point /)
Stopping at filesystem boundary (GIT_DISCOVERY_ACROSS_FILESYSTEM not set).
2024-06-07 20:52:45.809 [info] > git config --get commit.template [5ms]
2024-06-07 20:52:45.810 [info] > git rev-list --count --left-right refs/heads/main...refs/remotes/origin/main [2ms]
2024-06-07 20:52:45.817 [info] > git diff --name-status -z --diff-filter=ADMR a9041189ad6ff5589e97572b4fd743fbccbeb9fc...refs/remotes/origin/main [4ms]
2024-06-07 20:52:45.818 [info] > git for-each-ref --format=%(refname)%00%(upstream:short)%00%(objectname)%00%(upstream:track)%00%(upstream:remotename)%00%(upstream:remoteref) refs/heads/main refs/remotes/main [2ms]
2024-06-07 20:52:45.822 [warning] ENOENT: no such file or directory, open '/home/galjeza/Downloads/spicetify-cli/.git/refs/remotes/origin/main'
2024-06-07 20:52:45.823 [info] > git rev-parse refs/remotes/origin/main [2ms]
2024-06-07 20:52:45.843 [info] > git status -z -uall [16ms]
2024-06-07 20:52:46.260 [info] > git check-ignore -v -z --stdin [2ms]
2024-06-07 20:52:47.663 [info] > git rev-parse --show-toplevel [1ms]
2024-06-07 20:52:47.663 [info] fatal: not a git repository (or any parent up to mount point /)
Stopping at filesystem boundary (GIT_DISCOVERY_ACROSS_FILESYSTEM not set).
2024-06-07 20:53:15.847 [info] > git rev-parse --show-toplevel [8ms]
2024-06-07 20:53:15.847 [info] fatal: not a git repository (or any parent up to mount point /)
Stopping at filesystem boundary (GIT_DISCOVERY_ACROSS_FILESYSTEM not set).
