2024-06-09 12:55:25.897 [info] Log level: Info
2024-06-09 12:55:25.897 [info] Validating found git in: "git"
2024-06-09 12:55:25.897 [info] Using git "2.45.2" from "git"
2024-06-09 12:55:25.897 [info] > git rev-parse --show-toplevel [9ms]
2024-06-09 12:55:25.897 [info] fatal: not a git repository (or any parent up to mount point /)
Stopping at filesystem boundary (GIT_DISCOVERY_ACROSS_FILESYSTEM not set).
2024-06-09 12:55:25.897 [info] > git rev-parse --show-toplevel [13ms]
2024-06-09 12:55:25.897 [info] fatal: not a git repository (or any parent up to mount point /)
Stopping at filesystem boundary (GIT_DISCOVERY_ACROSS_FILESYSTEM not set).
2024-06-09 12:55:25.897 [info] > git rev-parse --show-toplevel [24ms]
2024-06-09 12:55:25.897 [info] fatal: not a git repository (or any parent up to mount point /)
Stopping at filesystem boundary (GIT_DISCOVERY_ACROSS_FILESYSTEM not set).
2024-06-09 12:55:25.904 [info] > git rev-parse --show-toplevel [2ms]
2024-06-09 12:55:25.910 [info] > git rev-parse --git-dir --git-common-dir [2ms]
2024-06-09 12:55:25.924 [info] Open repository: /home/galjeza/Downloads/spicetify-cli
2024-06-09 12:55:25.942 [info] > git config --get commit.template [6ms]
2024-06-09 12:55:25.943 [info] > git rev-parse --show-toplevel [3ms]
2024-06-09 12:55:25.943 [info] fatal: not a git repository (or any parent up to mount point /)
Stopping at filesystem boundary (GIT_DISCOVERY_ACROSS_FILESYSTEM not set).
2024-06-09 12:55:25.964 [info] > git rev-parse --show-toplevel [4ms]
2024-06-09 12:55:25.964 [info] fatal: not a git repository (or any parent up to mount point /)
Stopping at filesystem boundary (GIT_DISCOVERY_ACROSS_FILESYSTEM not set).
2024-06-09 12:55:25.965 [info] > git for-each-ref --format=%(refname)%00%(upstream:short)%00%(objectname)%00%(upstream:track)%00%(upstream:remotename)%00%(upstream:remoteref) refs/heads/main refs/remotes/main [13ms]
2024-06-09 12:55:25.972 [warning] ENOENT: no such file or directory, open '/home/galjeza/Downloads/spicetify-cli/.git/refs/remotes/origin/main'
2024-06-09 12:55:25.975 [info] > git rev-parse refs/remotes/origin/main [3ms]
2024-06-09 12:55:26.008 [info] > git status -z -uall [27ms]
2024-06-09 12:55:26.032 [info] > git merge-base refs/heads/main refs/remotes/origin/main [17ms]
2024-06-09 12:55:26.040 [info] > git config --get commit.template [7ms]
2024-06-09 12:55:26.041 [info] > git rev-list --count --left-right refs/heads/main...refs/remotes/origin/main [3ms]
2024-06-09 12:55:26.052 [info] > git diff --name-status -z --diff-filter=ADMR a9041189ad6ff5589e97572b4fd743fbccbeb9fc...refs/remotes/origin/main [6ms]
2024-06-09 12:55:26.054 [info] > git for-each-ref --format=%(refname)%00%(upstream:short)%00%(objectname)%00%(upstream:track)%00%(upstream:remotename)%00%(upstream:remoteref) refs/heads/main refs/remotes/main [3ms]
2024-06-09 12:55:26.059 [warning] ENOENT: no such file or directory, open '/home/galjeza/Downloads/spicetify-cli/.git/refs/remotes/origin/main'
2024-06-09 12:55:26.060 [info] > git rev-parse refs/remotes/origin/main [2ms]
2024-06-09 12:55:26.082 [info] > git status -z -uall [18ms]
2024-06-09 12:55:26.180 [info] > git rev-parse --show-toplevel [2ms]
2024-06-09 12:55:26.180 [info] fatal: not a git repository (or any parent up to mount point /)
Stopping at filesystem boundary (GIT_DISCOVERY_ACROSS_FILESYSTEM not set).
2024-06-09 12:55:26.494 [info] > git check-ignore -v -z --stdin [2ms]
2024-06-09 12:55:27.757 [info] > git rev-parse --show-toplevel [2ms]
2024-06-09 12:55:27.757 [info] fatal: not a git repository (or any parent up to mount point /)
Stopping at filesystem boundary (GIT_DISCOVERY_ACROSS_FILESYSTEM not set).
2024-06-09 12:55:58.801 [info] > git rev-parse --show-toplevel [1ms]
2024-06-09 12:55:58.801 [info] fatal: not a git repository (or any parent up to mount point /)
Stopping at filesystem boundary (GIT_DISCOVERY_ACROSS_FILESYSTEM not set).
2024-06-09 12:55:58.879 [info] > git rev-parse --show-toplevel [1ms]
2024-06-09 12:55:58.879 [info] fatal: not a git repository (or any parent up to mount point /)
Stopping at filesystem boundary (GIT_DISCOVERY_ACROSS_FILESYSTEM not set).
