2024-06-08 09:37:32.569 [info] Log level: Info
2024-06-08 09:37:32.569 [info] Validating found git in: "git"
2024-06-08 09:37:32.569 [info] Using git "2.45.2" from "git"
2024-06-08 09:37:32.569 [info] > git rev-parse --show-toplevel [9ms]
2024-06-08 09:37:32.569 [info] fatal: not a git repository (or any parent up to mount point /)
Stopping at filesystem boundary (GIT_DISCOVERY_ACROSS_FILESYSTEM not set).
2024-06-08 09:37:32.569 [info] > git rev-parse --show-toplevel [3ms]
2024-06-08 09:37:32.569 [info] fatal: not a git repository (or any parent up to mount point /)
Stopping at filesystem boundary (GIT_DISCOVERY_ACROSS_FILESYSTEM not set).
2024-06-08 09:37:32.569 [info] > git rev-parse --show-toplevel [8ms]
2024-06-08 09:37:32.569 [info] fatal: not a git repository (or any parent up to mount point /)
Stopping at filesystem boundary (GIT_DISCOVERY_ACROSS_FILESYSTEM not set).
2024-06-08 09:37:32.574 [info] > git rev-parse --show-toplevel [1ms]
2024-06-08 09:37:32.586 [info] > git rev-parse --git-dir --git-common-dir [2ms]
2024-06-08 09:37:32.595 [info] Open repository: /home/galjeza/Downloads/spicetify-cli
2024-06-08 09:37:32.610 [info] > git rev-parse --show-toplevel [3ms]
2024-06-08 09:37:32.610 [info] fatal: not a git repository (or any parent up to mount point /)
Stopping at filesystem boundary (GIT_DISCOVERY_ACROSS_FILESYSTEM not set).
2024-06-08 09:37:32.610 [info] > git config --get commit.template [7ms]
2024-06-08 09:37:32.625 [info] > git for-each-ref --format=%(refname)%00%(upstream:short)%00%(objectname)%00%(upstream:track)%00%(upstream:remotename)%00%(upstream:remoteref) refs/heads/main refs/remotes/main [8ms]
2024-06-08 09:37:32.629 [warning] ENOENT: no such file or directory, open '/home/galjeza/Downloads/spicetify-cli/.git/refs/remotes/origin/main'
2024-06-08 09:37:32.631 [info] > git rev-parse refs/remotes/origin/main [2ms]
2024-06-08 09:37:32.676 [info] > git status -z -uall [41ms]
2024-06-08 09:37:32.690 [info] > git merge-base refs/heads/main refs/remotes/origin/main [9ms]
2024-06-08 09:37:32.698 [info] > git config --get commit.template [8ms]
2024-06-08 09:37:32.699 [info] > git rev-list --count --left-right refs/heads/main...refs/remotes/origin/main [4ms]
2024-06-08 09:37:32.709 [info] > git for-each-ref --format=%(refname)%00%(upstream:short)%00%(objectname)%00%(upstream:track)%00%(upstream:remotename)%00%(upstream:remoteref) refs/heads/main refs/remotes/main [3ms]
2024-06-08 09:37:32.709 [info] > git diff --name-status -z --diff-filter=ADMR a9041189ad6ff5589e97572b4fd743fbccbeb9fc...refs/remotes/origin/main [7ms]
2024-06-08 09:37:32.713 [warning] ENOENT: no such file or directory, open '/home/galjeza/Downloads/spicetify-cli/.git/refs/remotes/origin/main'
2024-06-08 09:37:32.715 [info] > git rev-parse refs/remotes/origin/main [2ms]
2024-06-08 09:37:32.743 [info] > git status -z -uall [25ms]
2024-06-08 09:37:32.769 [info] > git rev-parse --show-toplevel [1ms]
2024-06-08 09:37:32.769 [info] fatal: not a git repository (or any parent up to mount point /)
Stopping at filesystem boundary (GIT_DISCOVERY_ACROSS_FILESYSTEM not set).
2024-06-08 09:37:32.794 [info] > git rev-parse --show-toplevel [1ms]
2024-06-08 09:37:32.794 [info] fatal: not a git repository (or any parent up to mount point /)
Stopping at filesystem boundary (GIT_DISCOVERY_ACROSS_FILESYSTEM not set).
2024-06-08 09:37:33.118 [info] > git check-ignore -v -z --stdin [1ms]
2024-06-08 09:37:34.629 [info] > git rev-parse --show-toplevel [1ms]
2024-06-08 09:37:34.629 [info] fatal: not a git repository (or any parent up to mount point /)
Stopping at filesystem boundary (GIT_DISCOVERY_ACROSS_FILESYSTEM not set).
