2024-06-09 12:55:35.636 [info] Getting Manifest... ms-python.python
2024-06-09 12:55:35.656 [info] Installing extension: ms-python.python vscode-userdata:/home/galjeza/.vscode/extensions/extensions.json
2024-06-09 12:55:36.270 [info] Getting Manifest... ms-python.vscode-pylance
2024-06-09 12:55:36.416 [info] Getting Manifest... ms-python.debugpy
2024-06-09 12:55:36.528 [info] Installing extension: ms-python.vscode-pylance vscode-userdata:/home/galjeza/.vscode/extensions/extensions.json
2024-06-09 12:55:36.528 [info] Installing extension: ms-python.debugpy vscode-userdata:/home/galjeza/.vscode/extensions/extensions.json
2024-06-09 12:55:48.273 [info] Extension signature verification result for ms-python.python: UnknownError. Executed: true. Duration: 45ms.
2024-06-09 12:55:49.289 [info] Extension signature verification result for ms-python.debugpy: UnknownError. Executed: true. Duration: 8ms.
2024-06-09 12:55:49.986 [info] Extracted extension to file:///home/galjeza/.vscode/extensions/ms-python.debugpy-2024.6.0-linux-x64: ms-python.debugpy
2024-06-09 12:55:49.995 [info] Renamed to /home/galjeza/.vscode/extensions/ms-python.debugpy-2024.6.0-linux-x64
2024-06-09 12:55:50.111 [error] [uncaught exception in sharedProcess]: Error: ENOENT: no such file or directory, stat '/home/galjeza/.vscode/extensions/extensions.json.vsctmp': EntryNotFound (FileSystemError): Error: ENOENT: no such file or directory, stat '/home/galjeza/.vscode/extensions/extensions.json.vsctmp'
    at c.create (/usr/share/code/resources/app/out/vs/code/node/sharedProcess/sharedProcessMain.js:53:19235)
    at m (/usr/share/code/resources/app/out/vs/code/node/sharedProcess/sharedProcessMain.js:53:19345)
    at t.hb (/usr/share/code/resources/app/out/vs/code/node/sharedProcess/sharedProcessMain.js:58:36685)
    at t.stat (/usr/share/code/resources/app/out/vs/code/node/sharedProcess/sharedProcessMain.js:58:29033)
    at async b.stat (/usr/share/code/resources/app/out/vs/code/node/sharedProcess/sharedProcessMain.js:58:14899)
    at async H.vb (/usr/share/code/resources/app/out/vs/code/node/sharedProcess/sharedProcessMain.js:104:117665)
2024-06-09 12:55:51.012 [info] Extracted extension to file:///home/galjeza/.vscode/extensions/ms-python.python-2024.8.0: ms-python.python
2024-06-09 12:55:51.018 [info] Renamed to /home/galjeza/.vscode/extensions/ms-python.python-2024.8.0
2024-06-09 12:55:51.124 [error] [uncaught exception in sharedProcess]: Error: ENOENT: no such file or directory, stat '/home/galjeza/.vscode/extensions/extensions.json.vsctmp': EntryNotFound (FileSystemError): Error: ENOENT: no such file or directory, stat '/home/galjeza/.vscode/extensions/extensions.json.vsctmp'
    at c.create (/usr/share/code/resources/app/out/vs/code/node/sharedProcess/sharedProcessMain.js:53:19235)
    at m (/usr/share/code/resources/app/out/vs/code/node/sharedProcess/sharedProcessMain.js:53:19345)
    at t.hb (/usr/share/code/resources/app/out/vs/code/node/sharedProcess/sharedProcessMain.js:58:36685)
    at t.stat (/usr/share/code/resources/app/out/vs/code/node/sharedProcess/sharedProcessMain.js:58:29033)
    at async b.stat (/usr/share/code/resources/app/out/vs/code/node/sharedProcess/sharedProcessMain.js:58:14899)
    at async H.vb (/usr/share/code/resources/app/out/vs/code/node/sharedProcess/sharedProcessMain.js:104:117665)
2024-06-09 12:55:52.174 [info] Extension signature verification result for ms-python.vscode-pylance: UnknownError. Executed: true. Duration: 17ms.
2024-06-09 12:55:58.557 [info] Extracted extension to file:///home/galjeza/.vscode/extensions/ms-python.vscode-pylance-2024.6.1: ms-python.vscode-pylance
2024-06-09 12:55:58.563 [info] Renamed to /home/galjeza/.vscode/extensions/ms-python.vscode-pylance-2024.6.1
2024-06-09 12:55:58.670 [error] [uncaught exception in sharedProcess]: Error: ENOENT: no such file or directory, stat '/home/galjeza/.vscode/extensions/extensions.json.vsctmp': EntryNotFound (FileSystemError): Error: ENOENT: no such file or directory, stat '/home/galjeza/.vscode/extensions/extensions.json.vsctmp'
    at c.create (/usr/share/code/resources/app/out/vs/code/node/sharedProcess/sharedProcessMain.js:53:19235)
    at m (/usr/share/code/resources/app/out/vs/code/node/sharedProcess/sharedProcessMain.js:53:19345)
    at t.hb (/usr/share/code/resources/app/out/vs/code/node/sharedProcess/sharedProcessMain.js:58:36685)
    at t.stat (/usr/share/code/resources/app/out/vs/code/node/sharedProcess/sharedProcessMain.js:58:29033)
    at async b.stat (/usr/share/code/resources/app/out/vs/code/node/sharedProcess/sharedProcessMain.js:58:14899)
    at async H.vb (/usr/share/code/resources/app/out/vs/code/node/sharedProcess/sharedProcessMain.js:104:117665)
2024-06-09 12:55:58.702 [info] Extension installed successfully: ms-python.debugpy vscode-userdata:/home/galjeza/.vscode/extensions/extensions.json
2024-06-09 12:55:58.702 [info] Extension installed successfully: ms-python.python vscode-userdata:/home/galjeza/.vscode/extensions/extensions.json
2024-06-09 12:55:58.702 [info] Extension installed successfully: ms-python.vscode-pylance vscode-userdata:/home/galjeza/.vscode/extensions/extensions.json
