2024-06-07 20:02:58.049 [info] Log level: Info
2024-06-07 20:02:58.049 [info] Validating found git in: "git"
2024-06-07 20:02:58.049 [info] Using git "2.45.2" from "git"
2024-06-07 20:02:58.049 [info] > git rev-parse --show-toplevel [3ms]
2024-06-07 20:02:58.049 [info] fatal: not a git repository (or any parent up to mount point /)
Stopping at filesystem boundary (GIT_DISCOVERY_ACROSS_FILESYSTEM not set).
2024-06-07 20:02:58.049 [info] > git rev-parse --show-toplevel [2ms]
2024-06-07 20:02:58.049 [info] fatal: not a git repository (or any parent up to mount point /)
Stopping at filesystem boundary (GIT_DISCOVERY_ACROSS_FILESYSTEM not set).
2024-06-07 20:02:58.049 [info] > git rev-parse --show-toplevel [2ms]
2024-06-07 20:02:58.049 [info] fatal: not a git repository (or any parent up to mount point /)
Stopping at filesystem boundary (GIT_DISCOVERY_ACROSS_FILESYSTEM not set).
2024-06-07 20:02:58.078 [info] > git rev-parse --show-toplevel [24ms]
2024-06-07 20:02:58.095 [info] > git rev-parse --git-dir --git-common-dir [2ms]
2024-06-07 20:02:58.108 [info] Open repository: /home/galjeza/Downloads/spicetify-cli
2024-06-07 20:02:58.127 [info] > git config --get commit.template [10ms]
2024-06-07 20:02:58.129 [info] > git rev-parse --show-toplevel [3ms]
2024-06-07 20:02:58.129 [info] fatal: not a git repository (or any parent up to mount point /)
Stopping at filesystem boundary (GIT_DISCOVERY_ACROSS_FILESYSTEM not set).
2024-06-07 20:02:58.143 [info] > git for-each-ref --format=%(refname)%00%(upstream:short)%00%(objectname)%00%(upstream:track)%00%(upstream:remotename)%00%(upstream:remoteref) refs/heads/main refs/remotes/main [8ms]
2024-06-07 20:02:58.147 [warning] ENOENT: no such file or directory, open '/home/galjeza/Downloads/spicetify-cli/.git/refs/remotes/origin/main'
2024-06-07 20:02:58.149 [info] > git rev-parse refs/remotes/origin/main [2ms]
2024-06-07 20:02:58.196 [info] > git status -z -uall [41ms]
2024-06-07 20:02:58.215 [info] > git merge-base refs/heads/main refs/remotes/origin/main [13ms]
2024-06-07 20:02:58.220 [info] > git config --get commit.template [6ms]
2024-06-07 20:02:58.223 [info] > git rev-list --count --left-right refs/heads/main...refs/remotes/origin/main [4ms]
2024-06-07 20:02:58.270 [info] > git for-each-ref --format=%(refname)%00%(upstream:short)%00%(objectname)%00%(upstream:track)%00%(upstream:remotename)%00%(upstream:remoteref) refs/heads/main refs/remotes/main [39ms]
2024-06-07 20:02:58.270 [info] > git diff --name-status -z --diff-filter=ADMR a9041189ad6ff5589e97572b4fd743fbccbeb9fc...refs/remotes/origin/main [42ms]
2024-06-07 20:02:58.300 [warning] ENOENT: no such file or directory, open '/home/galjeza/Downloads/spicetify-cli/.git/refs/remotes/origin/main'
2024-06-07 20:02:58.312 [info] > git rev-parse refs/remotes/origin/main [12ms]
2024-06-07 20:02:58.317 [info] > git rev-parse --show-toplevel [6ms]
2024-06-07 20:02:58.317 [info] fatal: not a git repository (or any parent up to mount point /)
Stopping at filesystem boundary (GIT_DISCOVERY_ACROSS_FILESYSTEM not set).
2024-06-07 20:02:58.330 [info] > git status -z -uall [14ms]
2024-06-07 20:02:58.636 [info] > git check-ignore -v -z --stdin [2ms]
2024-06-07 20:03:00.145 [info] > git rev-parse --show-toplevel [1ms]
2024-06-07 20:03:00.145 [info] fatal: not a git repository (or any parent up to mount point /)
Stopping at filesystem boundary (GIT_DISCOVERY_ACROSS_FILESYSTEM not set).
