2024-06-09 12:49:54.185 [info] Log level: Info
2024-06-09 12:49:54.185 [info] Validating found git in: "git"
2024-06-09 12:49:54.185 [info] Using git "2.45.2" from "git"
2024-06-09 12:49:54.185 [info] > git rev-parse --show-toplevel [11ms]
2024-06-09 12:49:54.185 [info] fatal: not a git repository (or any parent up to mount point /)
Stopping at filesystem boundary (GIT_DISCOVERY_ACROSS_FILESYSTEM not set).
2024-06-09 12:49:54.185 [info] > git rev-parse --show-toplevel [7ms]
2024-06-09 12:49:54.185 [info] fatal: not a git repository (or any parent up to mount point /)
Stopping at filesystem boundary (GIT_DISCOVERY_ACROSS_FILESYSTEM not set).
2024-06-09 12:49:54.185 [info] > git rev-parse --show-toplevel [23ms]
2024-06-09 12:49:54.185 [info] fatal: not a git repository (or any parent up to mount point /)
Stopping at filesystem boundary (GIT_DISCOVERY_ACROSS_FILESYSTEM not set).
2024-06-09 12:49:54.194 [info] > git rev-parse --show-toplevel [3ms]
2024-06-09 12:49:54.201 [info] > git rev-parse --git-dir --git-common-dir [2ms]
2024-06-09 12:49:54.217 [info] Open repository: /home/galjeza/Downloads/spicetify-cli
2024-06-09 12:49:54.235 [info] > git rev-parse --show-toplevel [2ms]
2024-06-09 12:49:54.235 [info] fatal: not a git repository (or any parent up to mount point /)
Stopping at filesystem boundary (GIT_DISCOVERY_ACROSS_FILESYSTEM not set).
2024-06-09 12:49:54.236 [info] > git config --get commit.template [7ms]
2024-06-09 12:49:54.257 [info] > git rev-parse --show-toplevel [14ms]
2024-06-09 12:49:54.257 [info] fatal: not a git repository (or any parent up to mount point /)
Stopping at filesystem boundary (GIT_DISCOVERY_ACROSS_FILESYSTEM not set).
2024-06-09 12:49:54.267 [info] > git for-each-ref --format=%(refname)%00%(upstream:short)%00%(objectname)%00%(upstream:track)%00%(upstream:remotename)%00%(upstream:remoteref) refs/heads/main refs/remotes/main [13ms]
2024-06-09 12:49:54.273 [warning] ENOENT: no such file or directory, open '/home/galjeza/Downloads/spicetify-cli/.git/refs/remotes/origin/main'
2024-06-09 12:49:54.279 [info] > git rev-parse refs/remotes/origin/main [6ms]
2024-06-09 12:49:54.336 [info] > git status -z -uall [52ms]
2024-06-09 12:49:54.363 [info] > git merge-base refs/heads/main refs/remotes/origin/main [20ms]
2024-06-09 12:49:54.375 [info] > git config --get commit.template [12ms]
2024-06-09 12:49:54.376 [info] > git rev-parse --show-toplevel [3ms]
2024-06-09 12:49:54.376 [info] fatal: not a git repository (or any parent up to mount point /)
Stopping at filesystem boundary (GIT_DISCOVERY_ACROSS_FILESYSTEM not set).
2024-06-09 12:49:54.376 [info] > git rev-list --count --left-right refs/heads/main...refs/remotes/origin/main [8ms]
2024-06-09 12:49:54.387 [info] > git diff --name-status -z --diff-filter=ADMR a9041189ad6ff5589e97572b4fd743fbccbeb9fc...refs/remotes/origin/main [6ms]
2024-06-09 12:49:54.390 [info] > git for-each-ref --format=%(refname)%00%(upstream:short)%00%(objectname)%00%(upstream:track)%00%(upstream:remotename)%00%(upstream:remoteref) refs/heads/main refs/remotes/main [4ms]
2024-06-09 12:49:54.395 [warning] ENOENT: no such file or directory, open '/home/galjeza/Downloads/spicetify-cli/.git/refs/remotes/origin/main'
2024-06-09 12:49:54.419 [info] > git rev-parse refs/remotes/origin/main [25ms]
2024-06-09 12:49:54.443 [info] > git status -z -uall [20ms]
2024-06-09 12:49:54.751 [info] > git check-ignore -v -z --stdin [2ms]
2024-06-09 12:49:56.021 [info] > git rev-parse --show-toplevel [2ms]
2024-06-09 12:49:56.021 [info] fatal: not a git repository (or any parent up to mount point /)
Stopping at filesystem boundary (GIT_DISCOVERY_ACROSS_FILESYSTEM not set).
