2024-06-10 10:32:31.368 [info] Log level: Info
2024-06-10 10:32:31.368 [info] Validating found git in: "git"
2024-06-10 10:32:31.368 [info] Using git "2.45.2" from "git"
2024-06-10 10:32:31.368 [info] > git rev-parse --show-toplevel [8ms]
2024-06-10 10:32:31.368 [info] fatal: not a git repository (or any parent up to mount point /)
Stopping at filesystem boundary (GIT_DISCOVERY_ACROSS_FILESYSTEM not set).
2024-06-10 10:32:31.368 [info] > git rev-parse --show-toplevel [3ms]
2024-06-10 10:32:31.368 [info] fatal: not a git repository (or any parent up to mount point /)
Stopping at filesystem boundary (GIT_DISCOVERY_ACROSS_FILESYSTEM not set).
2024-06-10 10:32:31.372 [info] > git rev-parse --show-toplevel [7ms]
2024-06-10 10:32:31.372 [info] fatal: not a git repository (or any parent up to mount point /)
Stopping at filesystem boundary (GIT_DISCOVERY_ACROSS_FILESYSTEM not set).
2024-06-10 10:32:31.401 [info] > git rev-parse --show-toplevel [23ms]
2024-06-10 10:32:31.432 [info] > git rev-parse --git-dir --git-common-dir [2ms]
2024-06-10 10:32:31.447 [info] Open repository: /home/galjeza/Downloads/spicetify-cli
2024-06-10 10:32:31.457 [info] > git config --get commit.template [1ms]
2024-06-10 10:32:31.476 [info] > git for-each-ref --format=%(refname)%00%(upstream:short)%00%(objectname)%00%(upstream:track)%00%(upstream:remotename)%00%(upstream:remoteref) refs/heads/main refs/remotes/main [13ms]
2024-06-10 10:32:31.482 [warning] ENOENT: no such file or directory, open '/home/galjeza/Downloads/spicetify-cli/.git/refs/remotes/origin/main'
2024-06-10 10:32:31.484 [info] > git rev-parse refs/remotes/origin/main [3ms]
2024-06-10 10:32:31.538 [info] > git status -z -uall [48ms]
2024-06-10 10:32:31.562 [info] > git merge-base refs/heads/main refs/remotes/origin/main [15ms]
2024-06-10 10:32:31.573 [info] > git config --get commit.template [12ms]
2024-06-10 10:32:31.580 [info] > git rev-list --count --left-right refs/heads/main...refs/remotes/origin/main [9ms]
2024-06-10 10:32:31.587 [info] > git for-each-ref --format=%(refname)%00%(upstream:short)%00%(objectname)%00%(upstream:track)%00%(upstream:remotename)%00%(upstream:remoteref) refs/heads/main refs/remotes/main [7ms]
2024-06-10 10:32:31.593 [warning] ENOENT: no such file or directory, open '/home/galjeza/Downloads/spicetify-cli/.git/refs/remotes/origin/main'
2024-06-10 10:32:31.593 [info] > git diff --name-status -z --diff-filter=ADMR a9041189ad6ff5589e97572b4fd743fbccbeb9fc...refs/remotes/origin/main [8ms]
2024-06-10 10:32:31.613 [info] > git rev-parse refs/remotes/origin/main [20ms]
2024-06-10 10:32:31.631 [info] > git status -z -uall [15ms]
2024-06-10 10:32:32.009 [info] > git check-ignore -v -z --stdin [2ms]
2024-06-10 10:32:32.478 [info] > git rev-parse --show-toplevel [2ms]
2024-06-10 10:32:32.478 [info] fatal: not a git repository (or any parent up to mount point /)
Stopping at filesystem boundary (GIT_DISCOVERY_ACROSS_FILESYSTEM not set).
