2024-06-07 20:42:16.115 [info] Log level: Info
2024-06-07 20:42:16.115 [info] Validating found git in: "git"
2024-06-07 20:42:16.115 [info] Using git "2.45.2" from "git"
2024-06-07 20:42:16.115 [info] > git rev-parse --show-toplevel [2ms]
2024-06-07 20:42:16.115 [info] fatal: not a git repository (or any parent up to mount point /)
Stopping at filesystem boundary (GIT_DISCOVERY_ACROSS_FILESYSTEM not set).
2024-06-07 20:42:16.115 [info] > git rev-parse --show-toplevel [2ms]
2024-06-07 20:42:16.115 [info] fatal: not a git repository (or any parent up to mount point /)
Stopping at filesystem boundary (GIT_DISCOVERY_ACROSS_FILESYSTEM not set).
2024-06-07 20:42:16.117 [info] > git rev-parse --show-toplevel [2ms]
2024-06-07 20:42:16.117 [info] fatal: not a git repository (or any parent up to mount point /)
Stopping at filesystem boundary (GIT_DISCOVERY_ACROSS_FILESYSTEM not set).
2024-06-07 20:42:16.124 [info] > git rev-parse --show-toplevel [3ms]
2024-06-07 20:42:16.142 [info] > git rev-parse --git-dir --git-common-dir [15ms]
2024-06-07 20:42:16.151 [info] Open repository: /home/galjeza/Downloads/spicetify-cli
2024-06-07 20:42:16.170 [info] > git config --get commit.template [8ms]
2024-06-07 20:42:16.186 [info] > git for-each-ref --format=%(refname)%00%(upstream:short)%00%(objectname)%00%(upstream:track)%00%(upstream:remotename)%00%(upstream:remoteref) refs/heads/main refs/remotes/main [9ms]
2024-06-07 20:42:16.189 [warning] ENOENT: no such file or directory, open '/home/galjeza/Downloads/spicetify-cli/.git/refs/remotes/origin/main'
2024-06-07 20:42:16.190 [info] > git rev-parse refs/remotes/origin/main [1ms]
2024-06-07 20:42:16.237 [info] > git status -z -uall [43ms]
2024-06-07 20:42:16.252 [info] > git merge-base refs/heads/main refs/remotes/origin/main [10ms]
2024-06-07 20:42:16.256 [info] > git config --get commit.template [5ms]
2024-06-07 20:42:16.260 [info] > git rev-list --count --left-right refs/heads/main...refs/remotes/origin/main [5ms]
2024-06-07 20:42:16.264 [info] > git for-each-ref --format=%(refname)%00%(upstream:short)%00%(objectname)%00%(upstream:track)%00%(upstream:remotename)%00%(upstream:remoteref) refs/heads/main refs/remotes/main [5ms]
2024-06-07 20:42:16.267 [warning] ENOENT: no such file or directory, open '/home/galjeza/Downloads/spicetify-cli/.git/refs/remotes/origin/main'
2024-06-07 20:42:16.268 [info] > git diff --name-status -z --diff-filter=ADMR a9041189ad6ff5589e97572b4fd743fbccbeb9fc...refs/remotes/origin/main [5ms]
2024-06-07 20:42:16.269 [info] > git rev-parse refs/remotes/origin/main [2ms]
2024-06-07 20:42:16.293 [info] > git status -z -uall [20ms]
2024-06-07 20:42:16.307 [info] > git rev-parse --show-toplevel [1ms]
2024-06-07 20:42:16.307 [info] fatal: not a git repository (or any parent up to mount point /)
Stopping at filesystem boundary (GIT_DISCOVERY_ACROSS_FILESYSTEM not set).
2024-06-07 20:42:16.443 [info] > git rev-parse --show-toplevel [1ms]
2024-06-07 20:42:16.443 [info] fatal: not a git repository (or any parent up to mount point /)
Stopping at filesystem boundary (GIT_DISCOVERY_ACROSS_FILESYSTEM not set).
2024-06-07 20:42:16.664 [info] > git check-ignore -v -z --stdin [1ms]
2024-06-07 20:42:18.119 [info] > git rev-parse --show-toplevel [2ms]
2024-06-07 20:42:18.119 [info] fatal: not a git repository (or any parent up to mount point /)
Stopping at filesystem boundary (GIT_DISCOVERY_ACROSS_FILESYSTEM not set).
