2024-06-09 13:59:26.069 [info] Extension host with pid 35496 started
2024-06-09 13:59:26.113 [info] ExtensionService#_doActivateExtension vscode.git-base, startup: true, activationEvent: '*', root cause: vscode.git
2024-06-09 13:59:26.124 [info] ExtensionService#_doActivateExtension vscode.git, startup: true, activationEvent: '*'
2024-06-09 13:59:26.158 [info] ExtensionService#_doActivateExtension vscode.github, startup: true, activationEvent: '*'
2024-06-09 13:59:26.244 [info] Eager extensions activated
2024-06-09 13:59:26.283 [info] ExtensionService#_doActivateExtension vscode.debug-auto-launch, startup: false, activationEvent: 'onStartupFinished'
2024-06-09 13:59:26.286 [info] ExtensionService#_doActivateExtension vscode.merge-conflict, startup: false, activationEvent: 'onStartupFinished'
2024-06-09 13:59:27.203 [info] Extension host terminating: renderer closed the MessagePort
2024-06-09 13:59:27.245 [error] ProxyResolver#addCertificatesV1 Canceled: Canceled
	at new A (/usr/share/code/resources/app/out/vs/workbench/api/node/extensionHostProcess.js:143:50615)
	at E.U (/usr/share/code/resources/app/out/vs/workbench/api/node/extensionHostProcess.js:150:6007)
	at z.<computed>.M.charCodeAt.R.CharCode.DollarSign.z.<computed> (/usr/share/code/resources/app/out/vs/workbench/api/node/extensionHostProcess.js:150:3091)
	at N.loadCertificates (/usr/share/code/resources/app/out/vs/workbench/api/node/extensionHostProcess.js:156:43331)
	at Object.loadAdditionalCertificates (/usr/share/code/resources/app/out/vs/workbench/api/node/extensionHostProcess.js:138:32097)
	at /usr/share/code/resources/app/node_modules.asar/@vscode/proxy-agent/out/index.js:475:53
	at Generator.next (<anonymous>)
	at /usr/share/code/resources/app/node_modules.asar/@vscode/proxy-agent/out/index.js:35:71
	at new Promise (<anonymous>)
	at __awaiter (/usr/share/code/resources/app/node_modules.asar/@vscode/proxy-agent/out/index.js:31:12)
	at /usr/share/code/resources/app/node_modules.asar/@vscode/proxy-agent/out/index.js:474:43
	at /usr/share/code/resources/app/node_modules.asar/@vscode/proxy-agent/out/index.js:476:16
	at Generator.next (<anonymous>)
	at /usr/share/code/resources/app/node_modules.asar/@vscode/proxy-agent/out/index.js:35:71
	at new Promise (<anonymous>)
	at __awaiter (/usr/share/code/resources/app/node_modules.asar/@vscode/proxy-agent/out/index.js:31:12)
	at getOrLoadAdditionalCertificates (/usr/share/code/resources/app/node_modules.asar/@vscode/proxy-agent/out/index.js:472:12)
	at addCertificatesV1 (/usr/share/code/resources/app/node_modules.asar/@vscode/proxy-agent/out/index.js:456:9)
	at resolveProxy (/usr/share/code/resources/app/node_modules.asar/@vscode/proxy-agent/out/index.js:112:9)
	at /usr/share/code/resources/app/node_modules.asar/@vscode/proxy-agent/out/index.js:303:77
	at new Promise (<anonymous>)
	at _PacProxyAgent.resolveP [as resolver] (/usr/share/code/resources/app/node_modules.asar/@vscode/proxy-agent/out/index.js:303:54)
	at _PacProxyAgent.<anonymous> (/usr/share/code/resources/app/node_modules.asar/@vscode/proxy-agent/out/agent.js:70:37)
	at Generator.next (<anonymous>)
	at /usr/share/code/resources/app/node_modules.asar/@vscode/proxy-agent/out/agent.js:8:71
	at new Promise (<anonymous>)
	at __awaiter (/usr/share/code/resources/app/node_modules.asar/@vscode/proxy-agent/out/agent.js:4:12)
	at _PacProxyAgent.connect (/usr/share/code/resources/app/node_modules.asar/@vscode/proxy-agent/out/agent.js:52:16)
	at /usr/share/code/resources/app/node_modules.asar/agent-base/dist/index.js:73:30
2024-06-09 13:59:27.245 [info] Extension host with pid 35496 exiting with code 0
